<?xml version="1.0" encoding="UTF-8"?>
<!-- Generated by org.testng.reporters.JUnitXMLReporter -->
<testsuite hostname="DESKTOP-ME2HPKL" ignored="3" name="Welcome" tests="5" failures="5" timestamp="2021-01-04T11:38:11 IST" time="41.308" errors="0">
  <testcase name="validateEquityFutureTitle" time="3.638" classname="AdvisorTest.A_ValidatePublishEquityFutureCall">
    <failure type="org.openqa.selenium.ElementClickInterceptedException" message="element click intercepted: Element &amp;lt;div _ngcontent-qgk-c83=&amp;quot;&amp;quot; class=&amp;quot;label-wrapper&amp;quot;&amp;gt;...&amp;lt;/div&amp;gt; is not clickable at point (903, 539). Other element would receive the click: &amp;lt;div id=&amp;quot;cdk-overlay-0&amp;quot; class=&amp;quot;cdk-overlay-pane&amp;quot; style=&amp;quot;pointer-events: auto; bottom: 48px; left: 818.188px;&amp;quot;&amp;gt;...&amp;lt;/div&amp;gt;
  (Session info: chrome=87.0.4280.88)
Build info: version: &amp;apos;3.141.59&amp;apos;, revision: &amp;apos;e82be7d358&amp;apos;, time: &amp;apos;2018-11-14T08:17:03&amp;apos;
System info: host: &amp;apos;DESKTOP-ME2HPKL&amp;apos;, ip: &amp;apos;192.168.1.9&amp;apos;, os.name: &amp;apos;Windows 10&amp;apos;, os.arch: &amp;apos;amd64&amp;apos;, os.version: &amp;apos;10.0&amp;apos;, java.version: &amp;apos;1.8.0_261&amp;apos;
Driver info: org.openqa.selenium.chrome.ChromeDriver
Capabilities {acceptInsecureCerts: false, browserName: chrome, browserVersion: 87.0.4280.88, chrome: {chromedriverVersion: 86.0.4240.22 (398b0743353ff..., userDataDir: C:\Users\balan\AppData\Loca...}, goog:chromeOptions: {debuggerAddress: localhost:61827}, javascriptEnabled: true, networkConnectionEnabled: false, pageLoadStrategy: normal, platform: WINDOWS, platformName: WINDOWS, proxy: Proxy(), setWindowRect: true, strictFileInteractability: false, timeouts: {implicit: 0, pageLoad: 300000, script: 30000}, unhandledPromptBehavior: dismiss and notify, webauthn:virtualAuthenticators: true}
Session ID: 52edd5561bbba7b4ffa99ea802e29b44">
      <![CDATA[org.openqa.selenium.ElementClickInterceptedException: element click intercepted: Element <div _ngcontent-qgk-c83="" class="label-wrapper">...</div> is not clickable at point (903, 539). Other element would receive the click: <div id="cdk-overlay-0" class="cdk-overlay-pane" style="pointer-events: auto; bottom: 48px; left: 818.188px;">...</div>
  (Session info: chrome=87.0.4280.88)
Build info: version: '3.141.59', revision: 'e82be7d358', time: '2018-11-14T08:17:03'
System info: host: 'DESKTOP-ME2HPKL', ip: '192.168.1.9', os.name: 'Windows 10', os.arch: 'amd64', os.version: '10.0', java.version: '1.8.0_261'
Driver info: org.openqa.selenium.chrome.ChromeDriver
Capabilities {acceptInsecureCerts: false, browserName: chrome, browserVersion: 87.0.4280.88, chrome: {chromedriverVersion: 86.0.4240.22 (398b0743353ff..., userDataDir: C:\Users\balan\AppData\Loca...}, goog:chromeOptions: {debuggerAddress: localhost:61827}, javascriptEnabled: true, networkConnectionEnabled: false, pageLoadStrategy: normal, platform: WINDOWS, platformName: WINDOWS, proxy: Proxy(), setWindowRect: true, strictFileInteractability: false, timeouts: {implicit: 0, pageLoad: 300000, script: 30000}, unhandledPromptBehavior: dismiss and notify, webauthn:virtualAuthenticators: true}
Session ID: 52edd5561bbba7b4ffa99ea802e29b44
at org.openqa.selenium.remote.http.W3CHttpResponseCodec.createException(W3CHttpResponseCodec.java:187)
at org.openqa.selenium.remote.http.W3CHttpResponseCodec.decode(W3CHttpResponseCodec.java:122)
at org.openqa.selenium.remote.http.W3CHttpResponseCodec.decode(W3CHttpResponseCodec.java:49)
at org.openqa.selenium.remote.HttpCommandExecutor.execute(HttpCommandExecutor.java:158)
at org.openqa.selenium.remote.service.DriverCommandExecutor.execute(DriverCommandExecutor.java:83)
at org.openqa.selenium.remote.RemoteWebDriver.execute(RemoteWebDriver.java:552)
at org.openqa.selenium.remote.RemoteWebElement.execute(RemoteWebElement.java:285)
at org.openqa.selenium.remote.RemoteWebElement.click(RemoteWebElement.java:84)
at org.openqa.selenium.support.pagefactory.internal.LocatingElementHandler.invoke(LocatingElementHandler.java:51)
at com.sun.proxy.$Proxy7.click(Unknown Source)
at PageObject_Investor.LoginOrSignUpPage.getCountry(LoginOrSignUpPage.java:84)
at AdvisorTest.A_ValidatePublishEquityFutureCall.validateEquityFutureTitle(A_ValidatePublishEquityFutureCall.java:32)
at java.util.ArrayList.forEach(ArrayList.java:1259)
... Removed 39 stack frames]]>
    </failure>
  </testcase> <!-- validateEquityFutureTitle -->
  <testcase name="validateCreateFutureCashCallTitle" time="0.0" classname="AdvisorTest.A_ValidatePublishEquityFutureCall">
    <failure type="java.lang.NullPointerException">
      <![CDATA[java.lang.NullPointerException
at AdvisorTest.A_ValidatePublishEquityFutureCall.validateCreateFutureCashCallTitle(A_ValidatePublishEquityFutureCall.java:49)
at java.util.ArrayList.forEach(ArrayList.java:1259)
... Removed 31 stack frames]]>
    </failure>
  </testcase> <!-- validateCreateFutureCashCallTitle -->
  <testcase name="validateSuccessfullCreationOfCall1" time="7.973" classname="AdvisorTest.A_ValidatePublishEquityFutureCall">
    <failure type="org.openqa.selenium.NoSuchElementException" message="Cannot locate an element using xpath=//input[@formcontrolname=&amp;apos;scriptName&amp;apos;]
For documentation on this error, please visit: https://www.seleniumhq.org/exceptions/no_such_element.html
Build info: version: &amp;apos;3.141.59&amp;apos;, revision: &amp;apos;e82be7d358&amp;apos;, time: &amp;apos;2018-11-14T08:17:03&amp;apos;
System info: host: &amp;apos;DESKTOP-ME2HPKL&amp;apos;, ip: &amp;apos;192.168.1.9&amp;apos;, os.name: &amp;apos;Windows 10&amp;apos;, os.arch: &amp;apos;amd64&amp;apos;, os.version: &amp;apos;10.0&amp;apos;, java.version: &amp;apos;1.8.0_261&amp;apos;
Driver info: driver.version: RemoteWebDriver">
      <![CDATA[org.openqa.selenium.NoSuchElementException: Cannot locate an element using xpath=//input[@formcontrolname='scriptName']
For documentation on this error, please visit: https://www.seleniumhq.org/exceptions/no_such_element.html
Build info: version: '3.141.59', revision: 'e82be7d358', time: '2018-11-14T08:17:03'
System info: host: 'DESKTOP-ME2HPKL', ip: '192.168.1.9', os.name: 'Windows 10', os.arch: 'amd64', os.version: '10.0', java.version: '1.8.0_261'
Driver info: driver.version: RemoteWebDriver
at org.openqa.selenium.remote.RemoteWebDriver.findElement(RemoteWebDriver.java:327)
at org.openqa.selenium.remote.RemoteWebDriver.findElementByXPath(RemoteWebDriver.java:428)
at org.openqa.selenium.By$ByXPath.findElement(By.java:353)
at org.openqa.selenium.remote.RemoteWebDriver.findElement(RemoteWebDriver.java:315)
at org.openqa.selenium.support.pagefactory.DefaultElementLocator.findElement(DefaultElementLocator.java:69)
at org.openqa.selenium.support.pagefactory.internal.LocatingElementHandler.invoke(LocatingElementHandler.java:38)
at com.sun.proxy.$Proxy7.sendKeys(Unknown Source)
at PageObject_Advisor.A_EquityFutureCallPage.setscripNameField(A_EquityFutureCallPage.java:80)
at AdvisorTest.A_ValidatePublishEquityFutureCall.validateSuccessfullCreationOfCall1(A_ValidatePublishEquityFutureCall.java:59)
at java.util.ArrayList.forEach(ArrayList.java:1259)
... Removed 31 stack frames]]>
    </failure>
  </testcase> <!-- validateSuccessfullCreationOfCall1 -->
  <testcase name="validateCreatedAwaitingCallDisplayed" time="0.0" classname="AdvisorTest.A_ValidatePublishEquityFutureCall">
    <failure type="java.lang.NullPointerException">
      <![CDATA[java.lang.NullPointerException
at AdvisorTest.A_ValidatePublishEquityFutureCall.validateCreatedAwaitingCallDisplayed(A_ValidatePublishEquityFutureCall.java:85)
at java.util.ArrayList.forEach(ArrayList.java:1259)
... Removed 31 stack frames]]>
    </failure>
  </testcase> <!-- validateCreatedAwaitingCallDisplayed -->
  <testcase name="validateEditCall" time="0.0" classname="AdvisorTest.A_ValidatePublishEquityFutureCall">
    <failure type="java.lang.NullPointerException">
      <![CDATA[java.lang.NullPointerException
at AdvisorTest.A_ValidatePublishEquityFutureCall.validateEditCall(A_ValidatePublishEquityFutureCall.java:96)
at java.util.ArrayList.forEach(ArrayList.java:1259)
... Removed 31 stack frames]]>
    </failure>
  </testcase> <!-- validateEditCall -->
  <testcase name="validateSuccessfullCreationOfCall4" time="0.0" classname="AdvisorTest.A_ValidatePublishEquityFutureCall">
    <ignored/>
  </testcase> <!-- validateSuccessfullCreationOfCall4 -->
  <testcase name="validateSuccessfullCreationOfCall3" time="0.0" classname="AdvisorTest.A_ValidatePublishEquityFutureCall">
    <ignored/>
  </testcase> <!-- validateSuccessfullCreationOfCall3 -->
  <testcase name="validateSuccessfullCreationOfCall2" time="0.0" classname="AdvisorTest.A_ValidatePublishEquityFutureCall">
    <ignored/>
  </testcase> <!-- validateSuccessfullCreationOfCall2 -->
</testsuite> <!-- Welcome -->
