<?xml version="1.0" encoding="UTF-8"?>
<!-- Generated by org.testng.reporters.JUnitXMLReporter -->
<testsuite hostname="DESKTOP-ME2HPKL" ignored="0" name="Test8" tests="12" failures="12" timestamp="2021-01-28T11:57:23 IST" time="20.697" errors="0">
  <testcase name="validateSuccessfullCreationOfDiscussion" time="13.507" classname="InvestorTest.ValidatediscussionBoardPage">
    <failure type="org.openqa.selenium.NoSuchElementException" message="no such element: Unable to locate element: {&amp;quot;method&amp;quot;:&amp;quot;xpath&amp;quot;,&amp;quot;selector&amp;quot;:&amp;quot;//div[@class=&amp;apos;ngx-mat-tel-input-container custom web&amp;apos;]//div[@class=&amp;apos;arrow-down&amp;apos;]&amp;quot;}
  (Session info: chrome=87.0.4280.141)
For documentation on this error, please visit: https://www.seleniumhq.org/exceptions/no_such_element.html
Build info: version: &amp;apos;3.141.59&amp;apos;, revision: &amp;apos;e82be7d358&amp;apos;, time: &amp;apos;2018-11-14T08:17:03&amp;apos;
System info: host: &amp;apos;DESKTOP-ME2HPKL&amp;apos;, ip: &amp;apos;192.168.1.10&amp;apos;, os.name: &amp;apos;Windows 10&amp;apos;, os.arch: &amp;apos;amd64&amp;apos;, os.version: &amp;apos;10.0&amp;apos;, java.version: &amp;apos;1.8.0_261&amp;apos;
Driver info: org.openqa.selenium.chrome.ChromeDriver
Capabilities {acceptInsecureCerts: false, browserName: chrome, browserVersion: 87.0.4280.141, chrome: {chromedriverVersion: 86.0.4240.22 (398b0743353ff..., userDataDir: C:\Users\balan\AppData\Loca...}, goog:chromeOptions: {debuggerAddress: localhost:62567}, javascriptEnabled: true, networkConnectionEnabled: false, pageLoadStrategy: normal, platform: WINDOWS, platformName: WINDOWS, proxy: Proxy(), setWindowRect: true, strictFileInteractability: false, timeouts: {implicit: 0, pageLoad: 300000, script: 30000}, unhandledPromptBehavior: dismiss and notify, webauthn:virtualAuthenticators: true}
Session ID: 88c5e2b57bb95501b68759fe4d4329ee
*** Element info: {Using=xpath, value=//div[@class=&amp;apos;ngx-mat-tel-input-container custom web&amp;apos;]//div[@class=&amp;apos;arrow-down&amp;apos;]}">
      <![CDATA[org.openqa.selenium.NoSuchElementException: no such element: Unable to locate element: {"method":"xpath","selector":"//div[@class='ngx-mat-tel-input-container custom web']//div[@class='arrow-down']"}
  (Session info: chrome=87.0.4280.141)
For documentation on this error, please visit: https://www.seleniumhq.org/exceptions/no_such_element.html
Build info: version: '3.141.59', revision: 'e82be7d358', time: '2018-11-14T08:17:03'
System info: host: 'DESKTOP-ME2HPKL', ip: '192.168.1.10', os.name: 'Windows 10', os.arch: 'amd64', os.version: '10.0', java.version: '1.8.0_261'
Driver info: org.openqa.selenium.chrome.ChromeDriver
Capabilities {acceptInsecureCerts: false, browserName: chrome, browserVersion: 87.0.4280.141, chrome: {chromedriverVersion: 86.0.4240.22 (398b0743353ff..., userDataDir: C:\Users\balan\AppData\Loca...}, goog:chromeOptions: {debuggerAddress: localhost:62567}, javascriptEnabled: true, networkConnectionEnabled: false, pageLoadStrategy: normal, platform: WINDOWS, platformName: WINDOWS, proxy: Proxy(), setWindowRect: true, strictFileInteractability: false, timeouts: {implicit: 0, pageLoad: 300000, script: 30000}, unhandledPromptBehavior: dismiss and notify, webauthn:virtualAuthenticators: true}
Session ID: 88c5e2b57bb95501b68759fe4d4329ee
*** Element info: {Using=xpath, value=//div[@class='ngx-mat-tel-input-container custom web']//div[@class='arrow-down']}
at org.openqa.selenium.remote.http.W3CHttpResponseCodec.createException(W3CHttpResponseCodec.java:187)
at org.openqa.selenium.remote.http.W3CHttpResponseCodec.decode(W3CHttpResponseCodec.java:122)
at org.openqa.selenium.remote.http.W3CHttpResponseCodec.decode(W3CHttpResponseCodec.java:49)
at org.openqa.selenium.remote.HttpCommandExecutor.execute(HttpCommandExecutor.java:158)
at org.openqa.selenium.remote.service.DriverCommandExecutor.execute(DriverCommandExecutor.java:83)
at org.openqa.selenium.remote.RemoteWebDriver.execute(RemoteWebDriver.java:552)
at org.openqa.selenium.remote.RemoteWebDriver.findElement(RemoteWebDriver.java:323)
at org.openqa.selenium.remote.RemoteWebDriver.findElementByXPath(RemoteWebDriver.java:428)
at org.openqa.selenium.By$ByXPath.findElement(By.java:353)
at org.openqa.selenium.remote.RemoteWebDriver.findElement(RemoteWebDriver.java:315)
at org.openqa.selenium.support.pagefactory.DefaultElementLocator.findElement(DefaultElementLocator.java:69)
at org.openqa.selenium.support.pagefactory.internal.LocatingElementHandler.invoke(LocatingElementHandler.java:38)
at com.sun.proxy.$Proxy7.click(Unknown Source)
at PageObject_Investor.LoginOrSignUpPage.getDropDown(LoginOrSignUpPage.java:88)
at InvestorTest.ValidatediscussionBoardPage.validateSuccessfullCreationOfDiscussion(ValidatediscussionBoardPage.java:66)
at java.util.ArrayList.forEach(ArrayList.java:1259)
... Removed 35 stack frames]]>
    </failure>
  </testcase> <!-- validateSuccessfullCreationOfDiscussion -->
  <testcase name="validateSuccessfullDocUpload" time="0.0" classname="InvestorTest.ValidatediscussionBoardPage">
    <failure type="java.lang.NullPointerException">
      <![CDATA[java.lang.NullPointerException
at InvestorTest.ValidatediscussionBoardPage.validateSuccessfullDocUpload(ValidatediscussionBoardPage.java:122)
at java.util.ArrayList.forEach(ArrayList.java:1259)
... Removed 31 stack frames]]>
    </failure>
  </testcase> <!-- validateSuccessfullDocUpload -->
  <testcase name="validateSuccessfullImageUpload" time="0.0" classname="InvestorTest.ValidatediscussionBoardPage">
    <failure type="java.lang.NullPointerException">
      <![CDATA[java.lang.NullPointerException
at InvestorTest.ValidatediscussionBoardPage.validateSuccessfullImageUpload(ValidatediscussionBoardPage.java:164)
at java.util.ArrayList.forEach(ArrayList.java:1259)
... Removed 31 stack frames]]>
    </failure>
  </testcase> <!-- validateSuccessfullImageUpload -->
  <testcase name="validateVideoUploadedWithDescription" time="0.0" classname="InvestorTest.ValidatediscussionBoardPage">
    <failure type="java.lang.NullPointerException">
      <![CDATA[java.lang.NullPointerException
at InvestorTest.ValidatediscussionBoardPage.validateVideoUploadedWithDescription(ValidatediscussionBoardPage.java:227)
at java.util.ArrayList.forEach(ArrayList.java:1259)
... Removed 31 stack frames]]>
    </failure>
  </testcase> <!-- validateVideoUploadedWithDescription -->
  <testcase name="validateCreatedTopicNameAndPostAndPostCountInRecentDiscussedPage" time="0.0" classname="InvestorTest.ValidatediscussionBoardPage">
    <failure type="java.lang.NullPointerException">
      <![CDATA[java.lang.NullPointerException
at InvestorTest.ValidatediscussionBoardPage.validateCreatedTopicNameAndPostAndPostCountInRecentDiscussedPage(ValidatediscussionBoardPage.java:187)
at java.util.ArrayList.forEach(ArrayList.java:1259)
... Removed 31 stack frames]]>
    </failure>
  </testcase> <!-- validateCreatedTopicNameAndPostAndPostCountInRecentDiscussedPage -->
  <testcase name="validatePostAndPostCountInRecentTopicPage" time="0.0" classname="InvestorTest.ValidatediscussionBoardPage">
    <failure type="java.lang.NullPointerException">
      <![CDATA[java.lang.NullPointerException
at InvestorTest.ValidatediscussionBoardPage.validatePostAndPostCountInRecentTopicPage(ValidatediscussionBoardPage.java:211)
at java.util.ArrayList.forEach(ArrayList.java:1259)
... Removed 31 stack frames]]>
    </failure>
  </testcase> <!-- validatePostAndPostCountInRecentTopicPage -->
  <testcase name="validateVideoinVideosPage" time="0.055" classname="InvestorTest.ValidatediscussionBoardPage">
    <failure type="java.lang.NullPointerException">
      <![CDATA[java.lang.NullPointerException
at InvestorTest.ValidatediscussionBoardPage.validateVideoinVideosPage(ValidatediscussionBoardPage.java:264)
at java.util.ArrayList.forEach(ArrayList.java:1259)
... Removed 31 stack frames]]>
    </failure>
  </testcase> <!-- validateVideoinVideosPage -->
  <testcase name="validateTopicTitleAlreadyExistsErrorMsg" time="0.001" classname="InvestorTest.ValidatediscussionBoardPage">
    <failure type="java.lang.NullPointerException">
      <![CDATA[java.lang.NullPointerException
at InvestorTest.ValidatediscussionBoardPage.validateTopicTitleAlreadyExistsErrorMsg(ValidatediscussionBoardPage.java:292)
at java.util.ArrayList.forEach(ArrayList.java:1259)
... Removed 31 stack frames]]>
    </failure>
  </testcase> <!-- validateTopicTitleAlreadyExistsErrorMsg -->
  <testcase name="validateTitleIsRequiredErrorMsgInTopicCreation" time="0.0" classname="InvestorTest.ValidatediscussionBoardPage">
    <failure type="java.lang.NullPointerException">
      <![CDATA[java.lang.NullPointerException
at InvestorTest.ValidatediscussionBoardPage.validateTitleIsRequiredErrorMsgInTopicCreation(ValidatediscussionBoardPage.java:317)
at java.util.ArrayList.forEach(ArrayList.java:1259)
... Removed 31 stack frames]]>
    </failure>
  </testcase> <!-- validateTitleIsRequiredErrorMsgInTopicCreation -->
  <testcase name="validateTitleIsRequiredErrorMsgInVideoUpload" time="0.001" classname="InvestorTest.ValidatediscussionBoardPage">
    <failure type="java.lang.NullPointerException">
      <![CDATA[java.lang.NullPointerException
at InvestorTest.ValidatediscussionBoardPage.validateTitleIsRequiredErrorMsgInVideoUpload(ValidatediscussionBoardPage.java:329)
at java.util.ArrayList.forEach(ArrayList.java:1259)
... Removed 31 stack frames]]>
    </failure>
  </testcase> <!-- validateTitleIsRequiredErrorMsgInVideoUpload -->
  <testcase name="validateUploadVideoErrorMsg" time="0.0" classname="InvestorTest.ValidatediscussionBoardPage">
    <failure type="java.lang.NullPointerException">
      <![CDATA[java.lang.NullPointerException
at InvestorTest.ValidatediscussionBoardPage.validateUploadVideoErrorMsg(ValidatediscussionBoardPage.java:346)
at java.util.ArrayList.forEach(ArrayList.java:1259)
... Removed 31 stack frames]]>
    </failure>
  </testcase> <!-- validateUploadVideoErrorMsg -->
  <testcase name="validateTopicPageAfterCancelVideo" time="0.0" classname="InvestorTest.ValidatediscussionBoardPage">
    <failure type="java.lang.NullPointerException">
      <![CDATA[java.lang.NullPointerException
at InvestorTest.ValidatediscussionBoardPage.validateTopicPageAfterCancelVideo(ValidatediscussionBoardPage.java:359)
at java.util.ArrayList.forEach(ArrayList.java:1259)
... Removed 31 stack frames]]>
    </failure>
  </testcase> <!-- validateTopicPageAfterCancelVideo -->
</testsuite> <!-- Test8 -->
